#
# There is insufficient memory for the Java Runtime Environment to continue.
# Native memory allocation (malloc) failed to allocate 1321280 bytes for Chunk::new
# Possible reasons:
#   The system is out of physical RAM or swap space
#   The process is running with CompressedOops enabled, and the Java Heap may be blocking the growth of the native heap
# Possible solutions:
#   Reduce memory load on the system
#   Increase physical memory or swap space
#   Check if swap backing store is full
#   Decrease Java heap size (-Xmx/-Xms)
#   Decrease number of Java threads
#   Decrease Java thread stack sizes (-Xss)
#   Set larger code cache with -XX:ReservedCodeCacheSize=
#   JVM is running with Unscaled Compressed Oops mode in which the Java heap is
#     placed in the first 4GB address space. The Java Heap base address is the
#     maximum limit for the native heap growth. Please use -XX:HeapBaseMinAddress
#     to set the Java Heap base and to place the Java Heap above 4GB virtual address.
# This output file may be truncated or incomplete.
#
#  Out of Memory Error (allocation.cpp:389), pid=8516, tid=0x00000000000036cc
#
# JRE version: Java(TM) SE Runtime Environment (8.0_251-b08) (build 1.8.0_251-b08)
# Java VM: Java HotSpot(TM) 64-Bit Server VM (25.251-b08 mixed mode windows-amd64 compressed oops)
# Failed to write core dump. Minidumps are not enabled by default on client versions of Windows
#

---------------  T H R E A D  ---------------

Current thread (0x0000000005d12800):  JavaThread "C2 CompilerThread0" daemon [_thread_in_native, id=14028, stack(0x00000000062f0000,0x00000000063f0000)]

Stack: [0x00000000062f0000,0x00000000063f0000]
[error occurred during error reporting (printing stack bounds), id 0xc0000005]

Native frames: (J=compiled Java code, j=interpreted, Vv=VM code, C=native code)


Current CompileTask:
C2:   1891 1718       4       groovy.lang.MetaClassImpl$1MOPIter::methodNameAction (325 bytes)


---------------  P R O C E S S  ---------------

Java Threads: ( => current thread )
  0x0000000005d9b000 JavaThread "Service Thread" daemon [_thread_blocked, id=2676, stack(0x0000000006a60000,0x0000000006b60000)]
  0x0000000005d15800 JavaThread "C1 CompilerThread2" daemon [_thread_blocked, id=7244, stack(0x0000000006770000,0x0000000006870000)]
  0x0000000005d14000 JavaThread "C2 CompilerThread1" daemon [_thread_blocked, id=10108, stack(0x0000000006590000,0x0000000006690000)]
=>0x0000000005d12800 JavaThread "C2 CompilerThread0" daemon [_thread_in_native, id=14028, stack(0x00000000062f0000,0x00000000063f0000)]
  0x0000000005d10800 JavaThread "Monitor Ctrl-Break" daemon [_thread_in_native, id=13472, stack(0x0000000006410000,0x0000000006510000)]
  0x0000000005cfa800 JavaThread "Attach Listener" daemon [_thread_blocked, id=11096, stack(0x0000000005980000,0x0000000005a80000)]
  0x0000000004847000 JavaThread "Signal Dispatcher" daemon [_thread_blocked, id=13256, stack(0x0000000006190000,0x0000000006290000)]
  0x000000000482e800 JavaThread "Finalizer" daemon [_thread_blocked, id=6016, stack(0x0000000005bf0000,0x0000000005cf0000)]
  0x0000000004827800 JavaThread "Reference Handler" daemon [_thread_blocked, id=8196, stack(0x0000000005ad0000,0x0000000005bd0000)]
  0x000000000218b800 JavaThread "main" [_thread_blocked, id=12216, stack(0x00000000025f0000,0x00000000026f0000)]

Other Threads:
  0x00000000047e0000 VMThread [stack: 0x0000000005880000,0x0000000005980000] [id=5028]
  0x0000000005db9800 WatcherThread [stack: 0x0000000006940000,0x0000000006a40000] [id=12892]

VM state:at safepoint (normal execution)

VM Mutex/Monitor currently owned by a thread:  ([mutex/lock_event])
[0x0000000002188980] Threads_lock - owner thread: 0x00000000047e0000
[0x0000000002188e80] Heap_lock - owner thread: 0x000000000218b800

heap address: 0x0000000082000000, size: 2016 MB, Compressed Oops mode: 32-bit
Narrow klass base: 0x0000000000000000, Narrow klass shift: 0
Compressed class space size: 1073741824 Address: 0x000000001ab50000

Heap:
 PSYoungGen      total 70656K, used 5108K [0x00000000d6000000, 0x00000000df500000, 0x0000000100000000)
  eden space 65536K, 0% used [0x00000000d6000000,0x00000000d6000000,0x00000000da000000)
  from space 5120K, 0% used [0x00000000da000000,0x00000000da000000,0x00000000da500000)
  to   space 10752K, 0% used [0x00000000dea80000,0x00000000dea80000,0x00000000df500000)
 ParOldGen       total 86016K, used 13331K [0x0000000082000000, 0x0000000087400000, 0x00000000d6000000)
  object space 86016K, 15% used [0x0000000082000000,0x0000000082d04e78,0x0000000087400000)
 Metaspace       used 19263K, capacity 21090K, committed 21248K, reserved 1067008K
  class space    used 2478K, capacity 2962K, committed 3072K, reserved 1048576K

Card table byte_map: [0x0000000002d80000,0x0000000003180000] byte_map_base: 0x0000000002970000

Marking Bits: (ParMarkBitMap*) 0x0000000007bcaf90
 Begin Bits: [0x0000000016c50000, 0x0000000018bd0000)
 End Bits:   [0x0000000018bd0000, 0x000000001ab50000)

Polling page: 0x0000000000130000

CodeCache: size=245760Kb used=8247Kb max_used=8247Kb free=237512Kb
 bounds [0x0000000007c50000, 0x0000000008470000, 0x0000000016c50000]
 total_blobs=2733 nmethods=2090 adapters=555
 compilation: enabled

Compilation events (10 events):
Event: 1.805 Thread 0x0000000005d15800 2091       2       java.util.HashSet::contains (9 bytes)
Event: 1.805 Thread 0x0000000005d15800 nmethod 2091 0x0000000008460090 code [0x0000000008460200, 0x0000000008460388]
Event: 1.812 Thread 0x0000000005d15800 2092       3       java.util.Collections::emptyList (4 bytes)
Event: 1.812 Thread 0x0000000005d15800 nmethod 2092 0x0000000008460410 code [0x0000000008460560, 0x0000000008460690]
Event: 1.812 Thread 0x0000000005d15800 2093       3       java.security.Provider$ServiceKey::hashCode (16 bytes)
Event: 1.813 Thread 0x0000000005d15800 nmethod 2093 0x0000000008460710 code [0x0000000008460880, 0x0000000008460b58]
Event: 1.815 Thread 0x0000000005d15800 2094       3       java.util.jar.Manifest::toLower (24 bytes)
Event: 1.815 Thread 0x0000000005d15800 nmethod 2094 0x0000000008460c50 code [0x0000000008460da0, 0x0000000008460f90]
Event: 1.816 Thread 0x0000000005d15800 2095       3       java.util.regex.Matcher::<init> (84 bytes)
Event: 1.816 Thread 0x0000000005d15800 nmethod 2095 0x0000000008461010 code [0x00000000084611a0, 0x0000000008461648]

GC Heap History (10 events):
Event: 0.759 GC heap after
Heap after GC invocations=1 (full 0):
 PSYoungGen      total 37888K, used 4851K [0x00000000d6000000, 0x00000000d8a00000, 0x0000000100000000)
  eden space 32768K, 0% used [0x00000000d6000000,0x00000000d6000000,0x00000000d8000000)
  from space 5120K, 94% used [0x00000000d8000000,0x00000000d84bcf38,0x00000000d8500000)
  to   space 5120K, 0% used [0x00000000d8500000,0x00000000d8500000,0x00000000d8a00000)
 ParOldGen       total 86016K, used 16K [0x0000000082000000, 0x0000000087400000, 0x00000000d6000000)
  object space 86016K, 0% used [0x0000000082000000,0x0000000082004000,0x0000000087400000)
 Metaspace       used 10507K, capacity 11492K, committed 11648K, reserved 1058816K
  class space    used 1392K, capacity 1610K, committed 1664K, reserved 1048576K
}
Event: 1.158 GC heap before
{Heap before GC invocations=2 (full 0):
 PSYoungGen      total 37888K, used 37619K [0x00000000d6000000, 0x00000000d8a00000, 0x0000000100000000)
  eden space 32768K, 100% used [0x00000000d6000000,0x00000000d8000000,0x00000000d8000000)
  from space 5120K, 94% used [0x00000000d8000000,0x00000000d84bcf38,0x00000000d8500000)
  to   space 5120K, 0% used [0x00000000d8500000,0x00000000d8500000,0x00000000d8a00000)
 ParOldGen       total 86016K, used 16K [0x0000000082000000, 0x0000000087400000, 0x00000000d6000000)
  object space 86016K, 0% used [0x0000000082000000,0x0000000082004000,0x0000000087400000)
 Metaspace       used 15241K, capacity 16362K, committed 16512K, reserved 1062912K
  class space    used 1899K, capacity 2156K, committed 2176K, reserved 1048576K
Event: 1.163 GC heap after
Heap after GC invocations=2 (full 0):
 PSYoungGen      total 37888K, used 5117K [0x00000000d6000000, 0x00000000d8a00000, 0x0000000100000000)
  eden space 32768K, 0% used [0x00000000d6000000,0x00000000d6000000,0x00000000d8000000)
  from space 5120K, 99% used [0x00000000d8500000,0x00000000d89ff580,0x00000000d8a00000)
  to   space 5120K, 0% used [0x00000000d8000000,0x00000000d8000000,0x00000000d8500000)
 ParOldGen       total 86016K, used 1870K [0x0000000082000000, 0x0000000087400000, 0x00000000d6000000)
  object space 86016K, 2% used [0x0000000082000000,0x00000000821d3b58,0x0000000087400000)
 Metaspace       used 15241K, capacity 16362K, committed 16512K, reserved 1062912K
  class space    used 1899K, capacity 2156K, committed 2176K, reserved 1048576K
}
Event: 1.414 GC heap before
{Heap before GC invocations=3 (full 0):
 PSYoungGen      total 37888K, used 37885K [0x00000000d6000000, 0x00000000d8a00000, 0x0000000100000000)
  eden space 32768K, 100% used [0x00000000d6000000,0x00000000d8000000,0x00000000d8000000)
  from space 5120K, 99% used [0x00000000d8500000,0x00000000d89ff580,0x00000000d8a00000)
  to   space 5120K, 0% used [0x00000000d8000000,0x00000000d8000000,0x00000000d8500000)
 ParOldGen       total 86016K, used 1870K [0x0000000082000000, 0x0000000087400000, 0x00000000d6000000)
  object space 86016K, 2% used [0x0000000082000000,0x00000000821d3b58,0x0000000087400000)
 Metaspace       used 17029K, capacity 18230K, committed 18560K, reserved 1064960K
  class space    used 2095K, capacity 2333K, committed 2432K, reserved 1048576K
Event: 1.420 GC heap after
Heap after GC invocations=3 (full 0):
 PSYoungGen      total 37888K, used 5094K [0x00000000d6000000, 0x00000000daa00000, 0x0000000100000000)
  eden space 32768K, 0% used [0x00000000d6000000,0x00000000d6000000,0x00000000d8000000)
  from space 5120K, 99% used [0x00000000d8000000,0x00000000d84f9968,0x00000000d8500000)
  to   space 5120K, 0% used [0x00000000da500000,0x00000000da500000,0x00000000daa00000)
 ParOldGen       total 86016K, used 4910K [0x0000000082000000, 0x0000000087400000, 0x00000000d6000000)
  object space 86016K, 5% used [0x0000000082000000,0x00000000824cbba8,0x0000000087400000)
 Metaspace       used 17029K, capacity 18230K, committed 18560K, reserved 1064960K
  class space    used 2095K, capacity 2333K, committed 2432K, reserved 1048576K
}
Event: 1.474 GC heap before
{Heap before GC invocations=4 (full 0):
 PSYoungGen      total 37888K, used 37862K [0x00000000d6000000, 0x00000000daa00000, 0x0000000100000000)
  eden space 32768K, 100% used [0x00000000d6000000,0x00000000d8000000,0x00000000d8000000)
  from space 5120K, 99% used [0x00000000d8000000,0x00000000d84f9968,0x00000000d8500000)
  to   space 5120K, 0% used [0x00000000da500000,0x00000000da500000,0x00000000daa00000)
 ParOldGen       total 86016K, used 4910K [0x0000000082000000, 0x0000000087400000, 0x00000000d6000000)
  object space 86016K, 5% used [0x0000000082000000,0x00000000824cbba8,0x0000000087400000)
 Metaspace       used 17093K, capacity 18256K, committed 18560K, reserved 1064960K
  class space    used 2104K, capacity 2338K, committed 2432K, reserved 1048576K
Event: 1.492 GC heap after
Heap after GC invocations=4 (full 0):
 PSYoungGen      total 70656K, used 5092K [0x00000000d6000000, 0x00000000daa00000, 0x0000000100000000)
  eden space 65536K, 0% used [0x00000000d6000000,0x00000000d6000000,0x00000000da000000)
  from space 5120K, 99% used [0x00000000da500000,0x00000000da9f9110,0x00000000daa00000)
  to   space 5120K, 0% used [0x00000000da000000,0x00000000da000000,0x00000000da500000)
 ParOldGen       total 86016K, used 6702K [0x0000000082000000, 0x0000000087400000, 0x00000000d6000000)
  object space 86016K, 7% used [0x0000000082000000,0x000000008268b8f0,0x0000000087400000)
 Metaspace       used 17093K, capacity 18256K, committed 18560K, reserved 1064960K
  class space    used 2104K, capacity 2338K, committed 2432K, reserved 1048576K
}
Event: 1.818 GC heap before
{Heap before GC invocations=5 (full 0):
 PSYoungGen      total 70656K, used 57087K [0x00000000d6000000, 0x00000000daa00000, 0x0000000100000000)
  eden space 65536K, 79% used [0x00000000d6000000,0x00000000d92c6ed8,0x00000000da000000)
  from space 5120K, 99% used [0x00000000da500000,0x00000000da9f9110,0x00000000daa00000)
  to   space 5120K, 0% used [0x00000000da000000,0x00000000da000000,0x00000000da500000)
 ParOldGen       total 86016K, used 6702K [0x0000000082000000, 0x0000000087400000, 0x00000000d6000000)
  object space 86016K, 7% used [0x0000000082000000,0x000000008268b8f0,0x0000000087400000)
 Metaspace       used 19263K, capacity 21090K, committed 21248K, reserved 1067008K
  class space    used 2478K, capacity 2962K, committed 3072K, reserved 1048576K
Event: 1.843 GC heap after
Heap after GC invocations=5 (full 0):
 PSYoungGen      total 70656K, used 5108K [0x00000000d6000000, 0x00000000df500000, 0x0000000100000000)
  eden space 65536K, 0% used [0x00000000d6000000,0x00000000d6000000,0x00000000da000000)
  from space 5120K, 99% used [0x00000000da000000,0x00000000da4fd140,0x00000000da500000)
  to   space 10752K, 0% used [0x00000000dea80000,0x00000000dea80000,0x00000000df500000)
 ParOldGen       total 86016K, used 11350K [0x0000000082000000, 0x0000000087400000, 0x00000000d6000000)
  object space 86016K, 13% used [0x0000000082000000,0x0000000082b15938,0x0000000087400000)
 Metaspace       used 19263K, capacity 21090K, committed 21248K, reserved 1067008K
  class space    used 2478K, capacity 2962K, committed 3072K, reserved 1048576K
}
Event: 1.843 GC heap before
{Heap before GC invocations=6 (full 1):
 PSYoungGen      total 70656K, used 5108K [0x00000000d6000000, 0x00000000df500000, 0x0000000100000000)
  eden space 65536K, 0% used [0x00000000d6000000,0x00000000d6000000,0x00000000da000000)
  from space 5120K, 99% used [0x00000000da000000,0x00000000da4fd140,0x00000000da500000)
  to   space 10752K, 0% used [0x00000000dea80000,0x00000000dea80000,0x00000000df500000)
 ParOldGen       total 86016K, used 11350K [0x0000000082000000, 0x0000000087400000, 0x00000000d6000000)
  object space 86016K, 13% used [0x0000000082000000,0x0000000082b15938,0x0000000087400000)
 Metaspace       used 19263K, capacity 21090K, committed 21248K, reserved 1067008K
  class space    used 2478K, capacity 2962K, committed 3072K, reserved 1048576K

Deoptimization events (10 events):
Event: 1.181 Thread 0x000000000218b800 Uncommon trap: reason=bimorphic action=maybe_recompile pc=0x00000000080c6b88 method=java.util.HashMap.putVal(ILjava/lang/Object;Ljava/lang/Object;ZZ)Ljava/lang/Object; @ 253
Event: 1.181 Thread 0x000000000218b800 Uncommon trap: reason=bimorphic action=maybe_recompile pc=0x00000000080c6b88 method=java.util.HashMap.putVal(ILjava/lang/Object;Ljava/lang/Object;ZZ)Ljava/lang/Object; @ 253
Event: 1.181 Thread 0x000000000218b800 Uncommon trap: reason=bimorphic action=maybe_recompile pc=0x00000000080c6b88 method=java.util.HashMap.putVal(ILjava/lang/Object;Ljava/lang/Object;ZZ)Ljava/lang/Object; @ 253
Event: 1.498 Thread 0x000000000218b800 Uncommon trap: reason=unstable_if action=reinterpret pc=0x0000000008340f10 method=groovy.lang.MetaClassImpl.checkIfStdMethod(Lgroovy/lang/MetaMethod;)V @ 167
Event: 1.504 Thread 0x000000000218b800 Uncommon trap: reason=bimorphic action=maybe_recompile pc=0x000000000831a394 method=org.codehaus.groovy.runtime.metaclass.MetaMethodIndex.addMethodToList(Ljava/lang/Object;Lgroovy/lang/MetaMethod;)Ljava/lang/Object; @ 130
Event: 1.504 Thread 0x000000000218b800 Uncommon trap: reason=bimorphic action=maybe_recompile pc=0x000000000831a394 method=org.codehaus.groovy.runtime.metaclass.MetaMethodIndex.addMethodToList(Ljava/lang/Object;Lgroovy/lang/MetaMethod;)Ljava/lang/Object; @ 130
Event: 1.511 Thread 0x000000000218b800 Uncommon trap: reason=bimorphic action=maybe_recompile pc=0x000000000831a394 method=org.codehaus.groovy.runtime.metaclass.MetaMethodIndex.addMethodToList(Ljava/lang/Object;Lgroovy/lang/MetaMethod;)Ljava/lang/Object; @ 130
Event: 1.511 Thread 0x000000000218b800 Uncommon trap: reason=bimorphic action=maybe_recompile pc=0x000000000831a394 method=org.codehaus.groovy.runtime.metaclass.MetaMethodIndex.addMethodToList(Ljava/lang/Object;Lgroovy/lang/MetaMethod;)Ljava/lang/Object; @ 130
Event: 1.546 Thread 0x000000000218b800 Uncommon trap: reason=predicate action=maybe_recompile pc=0x000000000824c9b0 method=java.lang.String.regionMatches(ZILjava/lang/String;II)Z @ 63
Event: 1.689 Thread 0x000000000218b800 Uncommon trap: reason=unstable_if action=reinterpret pc=0x0000000007ea2a6c method=java.lang.CharacterDataLatin1.isWhitespace(I)Z @ 14

Classes redefined (0 events):
No events

Internal exceptions (10 events):
Event: 1.769 Thread 0x000000000218b800 Exception <a 'java/lang/ClassNotFoundException': org/apache/http/impl/client/AbstractHttpClientCustomizer> (0x00000000d8934528) thrown at [C:\jenkins\workspace\8-2-build-windows-amd64-cygwin\jdk8u251\737\hotspot\src\share\vm\classfile\systemDictionary.cpp
Event: 1.771 Thread 0x000000000218b800 Exception <a 'java/lang/ClassNotFoundException': org/apache/http/impl/client/DefaultHttpClientCustomizer> (0x00000000d898d2b0) thrown at [C:\jenkins\workspace\8-2-build-windows-amd64-cygwin\jdk8u251\737\hotspot\src\share\vm\classfile\systemDictionary.cpp,
Event: 1.777 Thread 0x000000000218b800 Exception <a 'java/lang/ClassNotFoundException': io/restassured/internal/RequestSpecificationImpl$RestAssuredHttpBuilderBeanInfo> (0x00000000d8a0fb48) thrown at [C:\jenkins\workspace\8-2-build-windows-amd64-cygwin\jdk8u251\737\hotspot\src\share\vm\classfi
Event: 1.777 Thread 0x000000000218b800 Exception <a 'java/lang/ClassNotFoundException': io/restassured/internal/http/HTTPBuilderBeanInfo> (0x00000000d8a1db40) thrown at [C:\jenkins\workspace\8-2-build-windows-amd64-cygwin\jdk8u251\737\hotspot\src\share\vm\classfile\systemDictionary.cpp, line 2
Event: 1.777 Thread 0x000000000218b800 Exception <a 'java/lang/ClassNotFoundException': io/restassured/internal/http/HTTPBuilderCustomizer> (0x00000000d8a2bb60) thrown at [C:\jenkins\workspace\8-2-build-windows-amd64-cygwin\jdk8u251\737\hotspot\src\share\vm\classfile\systemDictionary.cpp, line
Event: 1.779 Thread 0x000000000218b800 Exception <a 'java/lang/ClassNotFoundException': io/restassured/internal/RequestSpecificationImpl$RestAssuredHttpBuilderCustomizer> (0x00000000d8a5d210) thrown at [C:\jenkins\workspace\8-2-build-windows-amd64-cygwin\jdk8u251\737\hotspot\src\share\vm\class
Event: 1.792 Thread 0x000000000218b800 Exception <a 'java/lang/ClassNotFoundException': org/codehaus/groovy/runtime/MethodClosureBeanInfo> (0x00000000d8dec8b8) thrown at [C:\jenkins\workspace\8-2-build-windows-amd64-cygwin\jdk8u251\737\hotspot\src\share\vm\classfile\systemDictionary.cpp, line 
Event: 1.797 Thread 0x000000000218b800 Exception <a 'java/lang/ClassNotFoundException': org/codehaus/groovy/runtime/MethodClosureCustomizer> (0x00000000d90f79c8) thrown at [C:\jenkins\workspace\8-2-build-windows-amd64-cygwin\jdk8u251\737\hotspot\src\share\vm\classfile\systemDictionary.cpp, lin
Event: 1.807 Thread 0x000000000218b800 Exception <a 'java/lang/ClassNotFoundException': io/restassured/internal/http/EncoderRegistryBeanInfo> (0x00000000d91edb38) thrown at [C:\jenkins\workspace\8-2-build-windows-amd64-cygwin\jdk8u251\737\hotspot\src\share\vm\classfile\systemDictionary.cpp, li
Event: 1.807 Thread 0x000000000218b800 Exception <a 'java/lang/ClassNotFoundException': io/restassured/internal/http/EncoderRegistryCustomizer> (0x00000000d91fc940) thrown at [C:\jenkins\workspace\8-2-build-windows-amd64-cygwin\jdk8u251\737\hotspot\src\share\vm\classfile\systemDictionary.cpp, 

Events (10 events):
Event: 1.818 loading class sun/security/pkcs/ContentInfo
Event: 1.818 loading class sun/security/pkcs/ContentInfo done
Event: 1.818 loading class sun/security/util/ObjectIdentifier
Event: 1.818 loading class sun/security/util/ObjectIdentifier done
Event: 1.818 loading class sun/security/util/DerValue
Event: 1.818 loading class sun/security/util/DerValue done
Event: 1.818 loading class sun/security/util/DerOutputStream
Event: 1.818 loading class sun/security/util/DerEncoder
Event: 1.818 loading class sun/security/util/DerEncoder done
Event: 1.818 Executing VM operation: CollectForMetadataAllocation


Dynamic libraries:
0x000000013f510000 - 0x000000013f547000 	C:\Program Files\Java\jdk1.8.0_251\bin\java.exe
0x0000000077010000 - 0x00000000771af000 	C:\Windows\SYSTEM32\ntdll.dll
0x0000000076ef0000 - 0x000000007700f000 	C:\Windows\system32\kernel32.dll
0x000007fefcec0000 - 0x000007fefcf2a000 	C:\Windows\system32\KERNELBASE.dll
0x000007fefdf40000 - 0x000007fefe01b000 	C:\Windows\system32\ADVAPI32.dll
0x000007fefd2c0000 - 0x000007fefd35f000 	C:\Windows\system32\msvcrt.dll
0x000007fefedb0000 - 0x000007fefedcf000 	C:\Windows\SYSTEM32\sechost.dll
0x000007fefd7b0000 - 0x000007fefd8dc000 	C:\Windows\system32\RPCRT4.dll
0x0000000076df0000 - 0x0000000076eea000 	C:\Windows\system32\USER32.dll
0x000007fefd710000 - 0x000007fefd777000 	C:\Windows\system32\GDI32.dll
0x000007fefefb0000 - 0x000007fefefbe000 	C:\Windows\system32\LPK.dll
0x000007fefde70000 - 0x000007fefdf3b000 	C:\Windows\system32\USP10.dll
0x000007fefb3b0000 - 0x000007fefb5a5000 	C:\Windows\WinSxS\amd64_microsoft.windows.common-controls_6595b64144ccf1df_6.0.7601.24440_none_e36f1bbf30ff0606\COMCTL32.dll
0x000007feff1b0000 - 0x000007feff221000 	C:\Windows\system32\SHLWAPI.dll
0x000007fefd780000 - 0x000007fefd7ae000 	C:\Windows\system32\IMM32.DLL
0x000007fefd110000 - 0x000007fefd219000 	C:\Windows\system32\MSCTF.dll
0x0000000079140000 - 0x0000000079212000 	C:\Program Files\Java\jdk1.8.0_251\jre\bin\msvcr100.dll
0x00000000073a0000 - 0x0000000007c4b000 	C:\Program Files\Java\jdk1.8.0_251\jre\bin\server\jvm.dll
0x000007fef98b0000 - 0x000007fef98b9000 	C:\Windows\system32\WSOCK32.dll
0x000007fefd8e0000 - 0x000007fefd92d000 	C:\Windows\system32\WS2_32.dll
0x000007fefde60000 - 0x000007fefde68000 	C:\Windows\system32\NSI.dll
0x000007fefab00000 - 0x000007fefab3b000 	C:\Windows\system32\WINMM.dll
0x000007fefbe30000 - 0x000007fefbe3c000 	C:\Windows\system32\VERSION.dll
0x00000000771b0000 - 0x00000000771b7000 	C:\Windows\system32\PSAPI.DLL
0x000007fed00e0000 - 0x000007fed00ef000 	C:\Program Files\Java\jdk1.8.0_251\jre\bin\verify.dll
0x000007fec8ce0000 - 0x000007fec8d09000 	C:\Program Files\Java\jdk1.8.0_251\jre\bin\java.dll
0x000007feea660000 - 0x000007feea683000 	C:\Program Files\Java\jdk1.8.0_251\jre\bin\instrument.dll
0x000007fecfc30000 - 0x000007fecfc46000 	C:\Program Files\Java\jdk1.8.0_251\jre\bin\zip.dll
0x000007fefe020000 - 0x000007fefedab000 	C:\Windows\system32\SHELL32.dll
0x000007fefd930000 - 0x000007fefdb2f000 	C:\Windows\system32\ole32.dll
0x000007fefcd50000 - 0x000007fefcd5f000 	C:\Windows\system32\profapi.dll
0x000007feea3b0000 - 0x000007feea3ca000 	C:\Program Files\JetBrains\IntelliJ IDEA Community Edition 2019.2.4\bin\breakgen64.dll
0x000007fec8cc0000 - 0x000007fec8cda000 	C:\Program Files\Java\jdk1.8.0_251\jre\bin\net.dll
0x000007fefc5a0000 - 0x000007fefc5f5000 	C:\Windows\system32\mswsock.dll
0x000007fefc710000 - 0x000007fefc717000 	C:\Windows\System32\wship6.dll
0x000007fec8ca0000 - 0x000007fec8cb2000 	C:\Program Files\Java\jdk1.8.0_251\jre\bin\nio.dll
0x000007fefc630000 - 0x000007fefc648000 	C:\Windows\system32\CRYPTSP.dll
0x000007fefc1f0000 - 0x000007fefc237000 	C:\Windows\system32\rsaenh.dll
0x000007fefcdb0000 - 0x000007fefcdce000 	C:\Windows\system32\USERENV.dll
0x000007fefcbb0000 - 0x000007fefcbbf000 	C:\Windows\system32\CRYPTBASE.dll
0x000007fefa6b0000 - 0x000007fefa6d7000 	C:\Windows\system32\IPHLPAPI.DLL
0x000007fefa6a0000 - 0x000007fefa6ab000 	C:\Windows\system32\WINNSI.DLL
0x000007fefa380000 - 0x000007fefa391000 	C:\Windows\system32\dhcpcsvc6.DLL
0x000007fefa2e0000 - 0x000007fefa2f8000 	C:\Windows\system32\dhcpcsvc.DLL

VM Arguments:
jvm_args: -ea -Didea.test.cyclic.buffer.size=1048576 -javaagent:C:\Program Files\JetBrains\IntelliJ IDEA Community Edition 2019.2.4\lib\idea_rt.jar=49787:C:\Program Files\JetBrains\IntelliJ IDEA Community Edition 2019.2.4\bin -Dfile.encoding=UTF-8 
java_command: com.intellij.rt.execution.junit.JUnitStarter -ideVersion5 -junit5 Promter.UnitTests
java_class_path (initial): C:\Program Files\JetBrains\IntelliJ IDEA Community Edition 2019.2.4\lib\idea_rt.jar;C:\Program Files\JetBrains\IntelliJ IDEA Community Edition 2019.2.4\plugins\junit\lib\junit-rt.jar;C:\Program Files\JetBrains\IntelliJ IDEA Community Edition 2019.2.4\plugins\junit\lib\junit5-rt.jar;C:\Users\Dobrynin\.m2\repository\org\junit\platform\junit-platform-launcher\1.7.0\junit-platform-launcher-1.7.0.jar;C:\Users\Dobrynin\.m2\repository\org\apiguardian\apiguardian-api\1.1.0\apiguardian-api-1.1.0.jar;C:\Users\Dobrynin\.m2\repository\org\junit\platform\junit-platform-engine\1.7.0\junit-platform-engine-1.7.0.jar;C:\Users\Dobrynin\.m2\repository\org\opentest4j\opentest4j\1.2.0\opentest4j-1.2.0.jar;C:\Users\Dobrynin\.m2\repository\org\junit\platform\junit-platform-commons\1.7.0\junit-platform-commons-1.7.0.jar;C:\Users\Dobrynin\.m2\repository\org\junit\vintage\junit-vintage-engine\5.7.0\junit-vintage-engine-5.7.0.jar;C:\Users\Dobrynin\.m2\repository\junit\junit\4.13\junit-4.13.jar;C:\Users\Dobrynin\.m2\repository\org\hamcrest\hamcrest-core\1.3\hamcrest-core-1.3.jar;C:\Program Files\Java\jdk1.8.0_251\jre\lib\charsets.jar;C:\Program Files\Java\jdk1.8.0_251\jre\lib\deploy.jar;C:\Program Files\Java\jdk1.8.0_251\jre\lib\ext\access-bridge-64.jar;C:\Program Files\Java\jdk1.8.0_251\jre\lib\ext\cldrdata.jar;C:\Program Files\Java\jdk1.8.0_251\jre\lib\ext\dnsns.jar;C:\Program Files\Java\jdk1.8.0_251\jre\lib\ext\jaccess.jar;C:\Program Files\Java\jdk1.8.0_251\jre\lib\ext\jfxrt.jar;C:\Program Files\Java\jdk1.8.0_251\jre\lib\ext\localedata.jar;C:\Program Files\Java\jdk1.8.0_251\jre\lib\ext\nashorn.jar;C:\Program Files\Java\jdk1.8.0_251\jre\lib\ext\sunec.jar;C:\Program Files\Java\jdk1.8.0_251\jre\lib\ext\sunjce_provider.jar;C:\Program Files\Java\jdk1.8.0_251\jre\lib\ext\sunmscapi.jar;C:\Program Files\Java\jdk1.8.0_251\jre\lib\ext\sunpkcs11.jar;C:\Program Files\Java\jdk1.8.0_251\jre\lib\ext\zipfs.jar;C:\Program Files\Java\jdk1.8.0_251\jre\lib\javaws.jar;C:\Program Fil
Launcher Type: SUN_STANDARD

Environment Variables:
JAVA_HOME=C:\Program Files\Java\jdk-12.0.1
PATH=C:\Program Files (x86)\Common Files\Oracle\Java\javapath;C:\ProgramData\Oracle\Java\javapath;C:\Program Files (x86)\Intel\iCLS Client\;C:\Program Files\Intel\iCLS Client\;C:\Windows\system32;C:\Windows;C:\Windows\System32\Wbem;C:\Windows\System32\WindowsPowerShell\v1.0\;C:\Program Files (x86)\Intel\Intel(R) Management Engine Components\DAL;C:\Program Files\Intel\Intel(R) Management Engine Components\DAL;C:\Program Files (x86)\Intel\Intel(R) Management Engine Components\IPT;C:\Program Files\Intel\Intel(R) Management Engine Components\IPT;C:\Program Files\Common Files\ThinPrint\;C:\Program Files\dotnet\;C:\Program Files\Microsoft SQL Server\130\Tools\Binn\;C:\Program Files (x86)\Microsoft SQL Server\Client SDK\ODBC\110\Tools\Binn\;C:\Program Files (x86)\Microsoft SQL Server\120\Tools\Binn\ManagementStudio\;C:\Program Files (x86)\Microsoft SQL Server\120\Tools\Binn\;C:\Program Files (x86)\Microsoft SQL Server\120\DTS\Binn\;C:\Program Files\Java\jdk-12.0.1\bin;C:\Tools\apache-maven-3.6.1\bin;C:\Program Files\Git\cmd;C:\Program Files\PuTTY\;C:\Users\Dobrynin\AppData\Local\GitHubDesktop\bin;C:\Users\Dobrynin\AppData\Local\atom\bin;C:\Program Files\Java\jdk-12.0.1\ bin;C:\Tools\apache-maven-3.6.1\ bin;% PATH%;
USERNAME=Dobrynin
OS=Windows_NT
PROCESSOR_IDENTIFIER=Intel64 Family 6 Model 158 Stepping 9, GenuineIntel



---------------  S Y S T E M  ---------------

OS: Windows 7 , 64 bit Build 7601 (6.1.7601.24441)

CPU:total 4 (initial active 4) (4 cores per cpu, 1 threads per core) family 6 model 158 stepping 9, cmov, cx8, fxsr, mmx, sse, sse2, sse3, ssse3, sse4.1, sse4.2, popcnt, avx, avx2, aes, clmul, erms, rtm, 3dnowpref, lzcnt, tsc, tscinvbit, bmi1, bmi2, adx

Memory: 4k page, physical 8254080k(328476k free), swap 33014420k(29976k free)

vm_info: Java HotSpot(TM) 64-Bit Server VM (25.251-b08) for windows-amd64 JRE (1.8.0_251-b08), built on Mar 12 2020 06:31:49 by "" with MS VC++ 10.0 (VS2010)

time: Mon Nov 30 16:08:21 2020
timezone: 
elapsed time: 1 seconds (0d 0h 0m 1s)

