#
# There is insufficient memory for the Java Runtime Environment to continue.
# Native memory allocation (malloc) failed to allocate 32744 bytes for ChunkPool::allocate
# Possible reasons:
#   The system is out of physical RAM or swap space
#   The process is running with CompressedOops enabled, and the Java Heap may be blocking the growth of the native heap
# Possible solutions:
#   Reduce memory load on the system
#   Increase physical memory or swap space
#   Check if swap backing store is full
#   Decrease Java heap size (-Xmx/-Xms)
#   Decrease number of Java threads
#   Decrease Java thread stack sizes (-Xss)
#   Set larger code cache with -XX:ReservedCodeCacheSize=
#   JVM is running with Unscaled Compressed Oops mode in which the Java heap is
#     placed in the first 4GB address space. The Java Heap base address is the
#     maximum limit for the native heap growth. Please use -XX:HeapBaseMinAddress
#     to set the Java Heap base and to place the Java Heap above 4GB virtual address.
# This output file may be truncated or incomplete.
#
#  Out of Memory Error (allocation.cpp:272), pid=12788, tid=0x0000000000000a5c
#
# JRE version: Java(TM) SE Runtime Environment (8.0_251-b08) (build 1.8.0_251-b08)
# Java VM: Java HotSpot(TM) 64-Bit Server VM (25.251-b08 mixed mode windows-amd64 compressed oops)
# Failed to write core dump. Minidumps are not enabled by default on client versions of Windows
#

---------------  T H R E A D  ---------------

Current thread (0x0000000005a5f800):  JavaThread "C1 CompilerThread2" daemon [_thread_in_native, id=2652, stack(0x0000000006290000,0x0000000006390000)]

Stack: [0x0000000006290000,0x0000000006390000]
[error occurred during error reporting (printing stack bounds), id 0xc0000005]

Native frames: (J=compiled Java code, j=interpreted, Vv=VM code, C=native code)


Current CompileTask:
C1:   1118 1590       3      
[error occurred during error reporting (printing current compile task), id 0xe0000001]


---------------  P R O C E S S  ---------------

Java Threads: ( => current thread )
  0x0000000005ae5000 JavaThread "Service Thread" daemon [_thread_blocked, id=6740, stack(0x00000000068b0000,0x00000000069b0000)]
=>0x0000000005a5f800 JavaThread "C1 CompilerThread2" daemon [_thread_in_native, id=2652, stack(0x0000000006290000,0x0000000006390000)]
  0x0000000005a56000 JavaThread "C2 CompilerThread1" daemon [_thread_in_native, id=12276, stack(0x0000000006650000,0x0000000006750000)]
  0x0000000005a54800 JavaThread "C2 CompilerThread0" daemon [_thread_in_native, id=5776, stack(0x0000000006460000,0x0000000006560000)]
  0x0000000005a4e000 JavaThread "Monitor Ctrl-Break" daemon [_thread_in_native, id=6584, stack(0x0000000006180000,0x0000000006280000)]
  0x0000000005a35800 JavaThread "Attach Listener" daemon [_thread_blocked, id=5184, stack(0x0000000006020000,0x0000000006120000)]
  0x0000000005a32800 JavaThread "Signal Dispatcher" daemon [_thread_blocked, id=12584, stack(0x0000000005ec0000,0x0000000005fc0000)]
  0x0000000004772000 JavaThread "Finalizer" daemon [_thread_blocked, id=7912, stack(0x0000000005860000,0x0000000005960000)]
  0x000000000476b000 JavaThread "Reference Handler" daemon [_thread_blocked, id=13392, stack(0x00000000056d0000,0x00000000057d0000)]
  0x000000000218b800 JavaThread "main" [_thread_in_vm, id=8196, stack(0x0000000002290000,0x0000000002390000)]

Other Threads:
  0x0000000004723800 VMThread [stack: 0x0000000005590000,0x0000000005690000] [id=10576]
  0x0000000005b0b000 WatcherThread [stack: 0x00000000067a0000,0x00000000068a0000] [id=8788]

VM state:not at safepoint (normal execution)

VM Mutex/Monitor currently owned by a thread: None

heap address: 0x0000000082000000, size: 2016 MB, Compressed Oops mode: 32-bit
Narrow klass base: 0x0000000000000000, Narrow klass shift: 0
Compressed class space size: 1073741824 Address: 0x000000001ab50000

Heap:
 PSYoungGen      total 70656K, used 22270K [0x00000000d6000000, 0x00000000daa00000, 0x0000000100000000)
  eden space 65536K, 26% used [0x00000000d6000000,0x00000000d70c3bd0,0x00000000da000000)
  from space 5120K, 99% used [0x00000000da500000,0x00000000da9fbda8,0x00000000daa00000)
  to   space 5120K, 0% used [0x00000000da000000,0x00000000da000000,0x00000000da500000)
 ParOldGen       total 86016K, used 1840K [0x0000000082000000, 0x0000000087400000, 0x00000000d6000000)
  object space 86016K, 2% used [0x0000000082000000,0x00000000821cc108,0x0000000087400000)
 Metaspace       used 16544K, capacity 17652K, committed 17920K, reserved 1064960K
  class space    used 2030K, capacity 2265K, committed 2304K, reserved 1048576K

Card table byte_map: [0x0000000002bc0000,0x0000000002fc0000] byte_map_base: 0x00000000027b0000

Marking Bits: (ParMarkBitMap*) 0x0000000007bcaf90
 Begin Bits: [0x0000000016c50000, 0x0000000018bd0000)
 End Bits:   [0x0000000018bd0000, 0x000000001ab50000)

Polling page: 0x00000000002c0000

CodeCache: size=245760Kb used=6336Kb max_used=6336Kb free=239423Kb
 bounds [0x0000000007c50000, 0x0000000008290000, 0x0000000016c50000]
 total_blobs=2213 nmethods=1583 adapters=542
 compilation: enabled

Compilation events (10 events):
Event: 1.113 Thread 0x0000000005a5f800 nmethod 1581 0x000000000827d1d0 code [0x000000000827d560, 0x000000000827fab8]
Event: 1.113 Thread 0x0000000005a5f800 1588       1       groovyjarjarasm.asm.SymbolTable::getMajorVersion (5 bytes)
Event: 1.113 Thread 0x0000000005a5f800 nmethod 1588 0x00000000082808d0 code [0x0000000008280a20, 0x0000000008280b30]
Event: 1.113 Thread 0x0000000005a5f800 1578       3       org.codehaus.groovy.reflection.CachedClass::getMethods (11 bytes)
Event: 1.113 Thread 0x0000000005a5f800 nmethod 1578 0x0000000008280b90 code [0x0000000008280d00, 0x0000000008280fe8]
Event: 1.113 Thread 0x0000000005a5f800 1577       3       java.util.Spliterators$ArraySpliterator::estimateSize (11 bytes)
Event: 1.113 Thread 0x0000000005a5f800 nmethod 1577 0x00000000082810d0 code [0x0000000008281220, 0x0000000008281370]
Event: 1.113 Thread 0x0000000005a5f800 1589       3       groovyjarjarasm.asm.Frame::push (109 bytes)
Event: 1.113 Thread 0x0000000005a5f800 nmethod 1589 0x00000000082813d0 code [0x0000000008281560, 0x0000000008281a68]
Event: 1.115 Thread 0x0000000005a5f800 1590       3       java.util.regex.Pattern::closure (477 bytes)

GC Heap History (4 events):
Event: 0.619 GC heap before
{Heap before GC invocations=1 (full 0):
 PSYoungGen      total 37888K, used 32768K [0x00000000d6000000, 0x00000000d8a00000, 0x0000000100000000)
  eden space 32768K, 100% used [0x00000000d6000000,0x00000000d8000000,0x00000000d8000000)
  from space 5120K, 0% used [0x00000000d8500000,0x00000000d8500000,0x00000000d8a00000)
  to   space 5120K, 0% used [0x00000000d8000000,0x00000000d8000000,0x00000000d8500000)
 ParOldGen       total 86016K, used 0K [0x0000000082000000, 0x0000000087400000, 0x00000000d6000000)
  object space 86016K, 0% used [0x0000000082000000,0x0000000082000000,0x0000000087400000)
 Metaspace       used 10509K, capacity 11488K, committed 11648K, reserved 1058816K
  class space    used 1392K, capacity 1610K, committed 1664K, reserved 1048576K
Event: 0.639 GC heap after
Heap after GC invocations=1 (full 0):
 PSYoungGen      total 37888K, used 4819K [0x00000000d6000000, 0x00000000daa00000, 0x0000000100000000)
  eden space 32768K, 0% used [0x00000000d6000000,0x00000000d6000000,0x00000000d8000000)
  from space 5120K, 94% used [0x00000000d8000000,0x00000000d84b4f38,0x00000000d8500000)
  to   space 5120K, 0% used [0x00000000da500000,0x00000000da500000,0x00000000daa00000)
 ParOldGen       total 86016K, used 16K [0x0000000082000000, 0x0000000087400000, 0x00000000d6000000)
  object space 86016K, 0% used [0x0000000082000000,0x0000000082004000,0x0000000087400000)
 Metaspace       used 10509K, capacity 11488K, committed 11648K, reserved 1058816K
  class space    used 1392K, capacity 1610K, committed 1664K, reserved 1048576K
}
Event: 0.972 GC heap before
{Heap before GC invocations=2 (full 0):
 PSYoungGen      total 37888K, used 37587K [0x00000000d6000000, 0x00000000daa00000, 0x0000000100000000)
  eden space 32768K, 100% used [0x00000000d6000000,0x00000000d8000000,0x00000000d8000000)
  from space 5120K, 94% used [0x00000000d8000000,0x00000000d84b4f38,0x00000000d8500000)
  to   space 5120K, 0% used [0x00000000da500000,0x00000000da500000,0x00000000daa00000)
 ParOldGen       total 86016K, used 16K [0x0000000082000000, 0x0000000087400000, 0x00000000d6000000)
  object space 86016K, 0% used [0x0000000082000000,0x0000000082004000,0x0000000087400000)
 Metaspace       used 15221K, capacity 16358K, committed 16512K, reserved 1062912K
  class space    used 1899K, capacity 2156K, committed 2176K, reserved 1048576K
Event: 0.977 GC heap after
Heap after GC invocations=2 (full 0):
 PSYoungGen      total 70656K, used 5103K [0x00000000d6000000, 0x00000000daa00000, 0x0000000100000000)
  eden space 65536K, 0% used [0x00000000d6000000,0x00000000d6000000,0x00000000da000000)
  from space 5120K, 99% used [0x00000000da500000,0x00000000da9fbda8,0x00000000daa00000)
  to   space 5120K, 0% used [0x00000000da000000,0x00000000da000000,0x00000000da500000)
 ParOldGen       total 86016K, used 1840K [0x0000000082000000, 0x0000000087400000, 0x00000000d6000000)
  object space 86016K, 2% used [0x0000000082000000,0x00000000821cc108,0x0000000087400000)
 Metaspace       used 15221K, capacity 16358K, committed 16512K, reserved 1062912K
  class space    used 1899K, capacity 2156K, committed 2176K, reserved 1048576K
}

Deoptimization events (7 events):
Event: 0.454 Thread 0x000000000218b800 Uncommon trap: reason=null_check action=make_not_entrant pc=0x0000000007dc3d90 method=java.lang.String.equals(Ljava/lang/Object;)Z @ 8
Event: 0.524 Thread 0x000000000218b800 Uncommon trap: reason=unstable_if action=reinterpret pc=0x0000000007dda500 method=java.lang.CharacterData.of(I)Ljava/lang/CharacterData; @ 4
Event: 0.836 Thread 0x000000000218b800 Uncommon trap: reason=range_check action=make_not_entrant pc=0x0000000007e45590 method=sun.reflect.generics.parser.SignatureParser.current()C @ 34
Event: 0.997 Thread 0x000000000218b800 Uncommon trap: reason=bimorphic action=maybe_recompile pc=0x00000000080bee88 method=java.util.HashMap.putVal(ILjava/lang/Object;Ljava/lang/Object;ZZ)Ljava/lang/Object; @ 253
Event: 0.997 Thread 0x000000000218b800 Uncommon trap: reason=bimorphic action=maybe_recompile pc=0x00000000080bee88 method=java.util.HashMap.putVal(ILjava/lang/Object;Ljava/lang/Object;ZZ)Ljava/lang/Object; @ 253
Event: 0.997 Thread 0x000000000218b800 Uncommon trap: reason=bimorphic action=maybe_recompile pc=0x00000000080bee88 method=java.util.HashMap.putVal(ILjava/lang/Object;Ljava/lang/Object;ZZ)Ljava/lang/Object; @ 253
Event: 0.997 Thread 0x000000000218b800 Uncommon trap: reason=bimorphic action=maybe_recompile pc=0x00000000080bee88 method=java.util.HashMap.putVal(ILjava/lang/Object;Ljava/lang/Object;ZZ)Ljava/lang/Object; @ 253

Classes redefined (0 events):
No events

Internal exceptions (10 events):
Event: 1.099 Thread 0x000000000218b800 Exception <a 'java/lang/ClassNotFoundException': io/restassured/assertion/BodyMatcherGroupBeanInfo> (0x00000000d6d79020) thrown at [C:\jenkins\workspace\8-2-build-windows-amd64-cygwin\jdk8u251\737\hotspot\src\share\vm\classfile\systemDictionary.cpp, line 
Event: 1.099 Thread 0x000000000218b800 Exception <a 'java/lang/ClassNotFoundException': io/restassured/assertion/BodyMatcherGroupCustomizer> (0x00000000d6d85fb8) thrown at [C:\jenkins\workspace\8-2-build-windows-amd64-cygwin\jdk8u251\737\hotspot\src\share\vm\classfile\systemDictionary.cpp, lin
Event: 1.101 Thread 0x000000000218b800 Exception <a 'java/lang/ClassNotFoundException': io/restassured/internal/ResponseSpecificationImpl$HamcrestAssertionClosureBeanInfo> (0x00000000d6dd0bb8) thrown at [C:\jenkins\workspace\8-2-build-windows-amd64-cygwin\jdk8u251\737\hotspot\src\share\vm\clas
Event: 1.102 Thread 0x000000000218b800 Exception <a 'java/lang/ClassNotFoundException': io/restassured/internal/ResponseSpecificationImpl$HamcrestAssertionClosureCustomizer> (0x00000000d6de25e0) thrown at [C:\jenkins\workspace\8-2-build-windows-amd64-cygwin\jdk8u251\737\hotspot\src\share\vm\cl
Event: 1.105 Thread 0x000000000218b800 Exception <a 'java/lang/ClassNotFoundException': io/restassured/internal/ResponseSpecificationImplBeanInfo> (0x00000000d6e46868) thrown at [C:\jenkins\workspace\8-2-build-windows-amd64-cygwin\jdk8u251\737\hotspot\src\share\vm\classfile\systemDictionary.cp
Event: 1.106 Thread 0x000000000218b800 Exception <a 'java/lang/ClassNotFoundException': io/restassured/internal/ResponseSpecificationImplCustomizer> (0x00000000d6e548c0) thrown at [C:\jenkins\workspace\8-2-build-windows-amd64-cygwin\jdk8u251\737\hotspot\src\share\vm\classfile\systemDictionary.
Event: 1.109 Thread 0x000000000218b800 Exception <a 'java/lang/ClassNotFoundException': org/apache/commons/lang3/ValidateBeanInfo> (0x00000000d6ec5e00) thrown at [C:\jenkins\workspace\8-2-build-windows-amd64-cygwin\jdk8u251\737\hotspot\src\share\vm\classfile\systemDictionary.cpp, line 210]
Event: 1.109 Thread 0x000000000218b800 Exception <a 'java/lang/ClassNotFoundException': org/apache/commons/lang3/ValidateCustomizer> (0x00000000d6ed1ed0) thrown at [C:\jenkins\workspace\8-2-build-windows-amd64-cygwin\jdk8u251\737\hotspot\src\share\vm\classfile\systemDictionary.cpp, line 210]
Event: 1.115 Thread 0x000000000218b800 Exception <a 'java/lang/ClassNotFoundException': io/restassured/internal/TestSpecificationImplBeanInfo> (0x00000000d6f72c58) thrown at [C:\jenkins\workspace\8-2-build-windows-amd64-cygwin\jdk8u251\737\hotspot\src\share\vm\classfile\systemDictionary.cpp, l
Event: 1.115 Thread 0x000000000218b800 Exception <a 'java/lang/ClassNotFoundException': io/restassured/internal/TestSpecificationImplCustomizer> (0x00000000d6f800b0) thrown at [C:\jenkins\workspace\8-2-build-windows-amd64-cygwin\jdk8u251\737\hotspot\src\share\vm\classfile\systemDictionary.cpp,

Events (10 events):
Event: 1.115 loading class io/restassured/internal/TestSpecificationImplBeanInfo
Event: 1.115 loading class io/restassured/internal/TestSpecificationImplBeanInfo done
Event: 1.115 loading class io/restassured/internal/TestSpecificationImplCustomizer
Event: 1.115 loading class io/restassured/internal/TestSpecificationImplCustomizer done
Event: 1.115 loading class io/restassured/internal/TestSpecificationImplCustomizer
Event: 1.115 loading class io/restassured/internal/TestSpecificationImplCustomizer done
Event: 1.115 loading class io/restassured/internal/TestSpecificationImplCustomizer
Event: 1.115 loading class io/restassured/internal/TestSpecificationImplCustomizer done
Event: 1.116 loading class sun/reflect/UnsafeObjectFieldAccessorImpl
Event: 1.117 loading class sun/reflect/UnsafeObjectFieldAccessorImpl done


Dynamic libraries:
0x000000013f510000 - 0x000000013f547000 	C:\Program Files\Java\jdk1.8.0_251\bin\java.exe
0x0000000077010000 - 0x00000000771af000 	C:\Windows\SYSTEM32\ntdll.dll
0x0000000076ef0000 - 0x000000007700f000 	C:\Windows\system32\kernel32.dll
0x000007fefcec0000 - 0x000007fefcf2a000 	C:\Windows\system32\KERNELBASE.dll
0x000007fefdf40000 - 0x000007fefe01b000 	C:\Windows\system32\ADVAPI32.dll
0x000007fefd2c0000 - 0x000007fefd35f000 	C:\Windows\system32\msvcrt.dll
0x000007fefedb0000 - 0x000007fefedcf000 	C:\Windows\SYSTEM32\sechost.dll
0x000007fefd7b0000 - 0x000007fefd8dc000 	C:\Windows\system32\RPCRT4.dll
0x0000000076df0000 - 0x0000000076eea000 	C:\Windows\system32\USER32.dll
0x000007fefd710000 - 0x000007fefd777000 	C:\Windows\system32\GDI32.dll
0x000007fefefb0000 - 0x000007fefefbe000 	C:\Windows\system32\LPK.dll
0x000007fefde70000 - 0x000007fefdf3b000 	C:\Windows\system32\USP10.dll
0x000007fefb3b0000 - 0x000007fefb5a5000 	C:\Windows\WinSxS\amd64_microsoft.windows.common-controls_6595b64144ccf1df_6.0.7601.24440_none_e36f1bbf30ff0606\COMCTL32.dll
0x000007feff1b0000 - 0x000007feff221000 	C:\Windows\system32\SHLWAPI.dll
0x000007fefd780000 - 0x000007fefd7ae000 	C:\Windows\system32\IMM32.DLL
0x000007fefd110000 - 0x000007fefd219000 	C:\Windows\system32\MSCTF.dll
0x0000000079140000 - 0x0000000079212000 	C:\Program Files\Java\jdk1.8.0_251\jre\bin\msvcr100.dll
0x00000000073a0000 - 0x0000000007c4b000 	C:\Program Files\Java\jdk1.8.0_251\jre\bin\server\jvm.dll
0x000007fef98b0000 - 0x000007fef98b9000 	C:\Windows\system32\WSOCK32.dll
0x000007fefd8e0000 - 0x000007fefd92d000 	C:\Windows\system32\WS2_32.dll
0x000007fefde60000 - 0x000007fefde68000 	C:\Windows\system32\NSI.dll
0x000007fefab00000 - 0x000007fefab3b000 	C:\Windows\system32\WINMM.dll
0x000007fefbe30000 - 0x000007fefbe3c000 	C:\Windows\system32\VERSION.dll
0x00000000771b0000 - 0x00000000771b7000 	C:\Windows\system32\PSAPI.DLL
0x000007fed00e0000 - 0x000007fed00ef000 	C:\Program Files\Java\jdk1.8.0_251\jre\bin\verify.dll
0x000007fec8ce0000 - 0x000007fec8d09000 	C:\Program Files\Java\jdk1.8.0_251\jre\bin\java.dll
0x000007fef70b0000 - 0x000007fef70d3000 	C:\Program Files\Java\jdk1.8.0_251\jre\bin\instrument.dll
0x000007fecfc30000 - 0x000007fecfc46000 	C:\Program Files\Java\jdk1.8.0_251\jre\bin\zip.dll
0x000007fefe020000 - 0x000007fefedab000 	C:\Windows\system32\SHELL32.dll
0x000007fefd930000 - 0x000007fefdb2f000 	C:\Windows\system32\ole32.dll
0x000007fefcd50000 - 0x000007fefcd5f000 	C:\Windows\system32\profapi.dll
0x000007fef7090000 - 0x000007fef70aa000 	C:\Program Files\JetBrains\IntelliJ IDEA Community Edition 2019.2.4\bin\breakgen64.dll
0x000007fec8cc0000 - 0x000007fec8cda000 	C:\Program Files\Java\jdk1.8.0_251\jre\bin\net.dll
0x000007fefc5a0000 - 0x000007fefc5f5000 	C:\Windows\system32\mswsock.dll
0x000007fefc710000 - 0x000007fefc717000 	C:\Windows\System32\wship6.dll
0x000007fec8ca0000 - 0x000007fec8cb2000 	C:\Program Files\Java\jdk1.8.0_251\jre\bin\nio.dll
0x000007fefc630000 - 0x000007fefc648000 	C:\Windows\system32\CRYPTSP.dll
0x000007fefc1f0000 - 0x000007fefc237000 	C:\Windows\system32\rsaenh.dll
0x000007fefcdb0000 - 0x000007fefcdce000 	C:\Windows\system32\USERENV.dll
0x000007fefcbb0000 - 0x000007fefcbbf000 	C:\Windows\system32\CRYPTBASE.dll
0x000007fefa6b0000 - 0x000007fefa6d7000 	C:\Windows\system32\IPHLPAPI.DLL
0x000007fefa6a0000 - 0x000007fefa6ab000 	C:\Windows\system32\WINNSI.DLL
0x000007fefa380000 - 0x000007fefa391000 	C:\Windows\system32\dhcpcsvc6.DLL
0x000007fefa2e0000 - 0x000007fefa2f8000 	C:\Windows\system32\dhcpcsvc.DLL

VM Arguments:
jvm_args: -ea -Didea.test.cyclic.buffer.size=1048576 -javaagent:C:\Program Files\JetBrains\IntelliJ IDEA Community Edition 2019.2.4\lib\idea_rt.jar=63134:C:\Program Files\JetBrains\IntelliJ IDEA Community Edition 2019.2.4\bin -Dfile.encoding=UTF-8 
java_command: com.intellij.rt.execution.junit.JUnitStarter -ideVersion5 -junit5 Promter.UnitTests
java_class_path (initial): C:\Program Files\JetBrains\IntelliJ IDEA Community Edition 2019.2.4\lib\idea_rt.jar;C:\Program Files\JetBrains\IntelliJ IDEA Community Edition 2019.2.4\plugins\junit\lib\junit-rt.jar;C:\Program Files\JetBrains\IntelliJ IDEA Community Edition 2019.2.4\plugins\junit\lib\junit5-rt.jar;C:\Users\Dobrynin\.m2\repository\org\junit\platform\junit-platform-launcher\1.7.0\junit-platform-launcher-1.7.0.jar;C:\Users\Dobrynin\.m2\repository\org\apiguardian\apiguardian-api\1.1.0\apiguardian-api-1.1.0.jar;C:\Users\Dobrynin\.m2\repository\org\junit\platform\junit-platform-engine\1.7.0\junit-platform-engine-1.7.0.jar;C:\Users\Dobrynin\.m2\repository\org\opentest4j\opentest4j\1.2.0\opentest4j-1.2.0.jar;C:\Users\Dobrynin\.m2\repository\org\junit\platform\junit-platform-commons\1.7.0\junit-platform-commons-1.7.0.jar;C:\Users\Dobrynin\.m2\repository\org\junit\vintage\junit-vintage-engine\5.7.0\junit-vintage-engine-5.7.0.jar;C:\Users\Dobrynin\.m2\repository\junit\junit\4.13\junit-4.13.jar;C:\Users\Dobrynin\.m2\repository\org\hamcrest\hamcrest-core\1.3\hamcrest-core-1.3.jar;C:\Program Files\Java\jdk1.8.0_251\jre\lib\charsets.jar;C:\Program Files\Java\jdk1.8.0_251\jre\lib\deploy.jar;C:\Program Files\Java\jdk1.8.0_251\jre\lib\ext\access-bridge-64.jar;C:\Program Files\Java\jdk1.8.0_251\jre\lib\ext\cldrdata.jar;C:\Program Files\Java\jdk1.8.0_251\jre\lib\ext\dnsns.jar;C:\Program Files\Java\jdk1.8.0_251\jre\lib\ext\jaccess.jar;C:\Program Files\Java\jdk1.8.0_251\jre\lib\ext\jfxrt.jar;C:\Program Files\Java\jdk1.8.0_251\jre\lib\ext\localedata.jar;C:\Program Files\Java\jdk1.8.0_251\jre\lib\ext\nashorn.jar;C:\Program Files\Java\jdk1.8.0_251\jre\lib\ext\sunec.jar;C:\Program Files\Java\jdk1.8.0_251\jre\lib\ext\sunjce_provider.jar;C:\Program Files\Java\jdk1.8.0_251\jre\lib\ext\sunmscapi.jar;C:\Program Files\Java\jdk1.8.0_251\jre\lib\ext\sunpkcs11.jar;C:\Program Files\Java\jdk1.8.0_251\jre\lib\ext\zipfs.jar;C:\Program Files\Java\jdk1.8.0_251\jre\lib\javaws.jar;C:\Program Fil
Launcher Type: SUN_STANDARD

Environment Variables:
JAVA_HOME=C:\Program Files\Java\jdk-12.0.1
PATH=C:\Program Files (x86)\Common Files\Oracle\Java\javapath;C:\ProgramData\Oracle\Java\javapath;C:\Program Files (x86)\Intel\iCLS Client\;C:\Program Files\Intel\iCLS Client\;C:\Windows\system32;C:\Windows;C:\Windows\System32\Wbem;C:\Windows\System32\WindowsPowerShell\v1.0\;C:\Program Files (x86)\Intel\Intel(R) Management Engine Components\DAL;C:\Program Files\Intel\Intel(R) Management Engine Components\DAL;C:\Program Files (x86)\Intel\Intel(R) Management Engine Components\IPT;C:\Program Files\Intel\Intel(R) Management Engine Components\IPT;C:\Program Files\Common Files\ThinPrint\;C:\Program Files\dotnet\;C:\Program Files\Microsoft SQL Server\130\Tools\Binn\;C:\Program Files (x86)\Microsoft SQL Server\Client SDK\ODBC\110\Tools\Binn\;C:\Program Files (x86)\Microsoft SQL Server\120\Tools\Binn\ManagementStudio\;C:\Program Files (x86)\Microsoft SQL Server\120\Tools\Binn\;C:\Program Files (x86)\Microsoft SQL Server\120\DTS\Binn\;C:\Program Files\Java\jdk-12.0.1\bin;C:\Tools\apache-maven-3.6.1\bin;C:\Program Files\Git\cmd;C:\Program Files\PuTTY\;C:\Users\Dobrynin\AppData\Local\GitHubDesktop\bin;C:\Users\Dobrynin\AppData\Local\atom\bin;C:\Program Files\Java\jdk-12.0.1\ bin;C:\Tools\apache-maven-3.6.1\ bin;% PATH%;
USERNAME=Dobrynin
OS=Windows_NT
PROCESSOR_IDENTIFIER=Intel64 Family 6 Model 158 Stepping 9, GenuineIntel



---------------  S Y S T E M  ---------------

OS: Windows 7 , 64 bit Build 7601 (6.1.7601.24441)

CPU:total 4 (initial active 4) (4 cores per cpu, 1 threads per core) family 6 model 158 stepping 9, cmov, cx8, fxsr, mmx, sse, sse2, sse3, ssse3, sse4.1, sse4.2, popcnt, avx, avx2, aes, clmul, erms, rtm, 3dnowpref, lzcnt, tsc, tscinvbit, bmi1, bmi2, adx

Memory: 4k page, physical 8254080k(546980k free), swap 33014420k(6460k free)

vm_info: Java HotSpot(TM) 64-Bit Server VM (25.251-b08) for windows-amd64 JRE (1.8.0_251-b08), built on Mar 12 2020 06:31:49 by "" with MS VC++ 10.0 (VS2010)

time: Wed Dec 02 09:07:59 2020
timezone: 
elapsed time: 1 seconds (0d 0h 0m 1s)

